Determining if the pthread_create exist failed with the following output:
Change Dir: /home/noidea/catkin_ws/build/CMakeFiles/CMakeTmp

Run Build Command:"/usr/bin/make" "cmTC_83b4a/fast"
/usr/bin/make -f CMakeFiles/cmTC_83b4a.dir/build.make CMakeFiles/cmTC_83b4a.dir/build
make[1]: 디렉터리 '/home/noidea/catkin_ws/build/CMakeFiles/CMakeTmp' 들어감
Building C object CMakeFiles/cmTC_83b4a.dir/CheckSymbolExists.c.o
/usr/bin/cc    -o CMakeFiles/cmTC_83b4a.dir/CheckSymbolExists.c.o   -c /home/noidea/catkin_ws/build/CMakeFiles/CMakeTmp/CheckSymbolExists.c
Linking C executable cmTC_83b4a
/usr/bin/cmake -E cmake_link_script CMakeFiles/cmTC_83b4a.dir/link.txt --verbose=1
/usr/bin/cc      -rdynamic CMakeFiles/cmTC_83b4a.dir/CheckSymbolExists.c.o  -o cmTC_83b4a 
CMakeFiles/cmTC_83b4a.dir/CheckSymbolExists.c.o: In function `main':
CheckSymbolExists.c:(.text+0x1b): undefined reference to `pthread_create'
collect2: error: ld returned 1 exit status
CMakeFiles/cmTC_83b4a.dir/build.make:97: recipe for target 'cmTC_83b4a' failed
make[1]: *** [cmTC_83b4a] Error 1
make[1]: 디렉터리 '/home/noidea/catkin_ws/build/CMakeFiles/CMakeTmp' 나감
Makefile:126: recipe for target 'cmTC_83b4a/fast' failed
make: *** [cmTC_83b4a/fast] Error 2

File /home/noidea/catkin_ws/build/CMakeFiles/CMakeTmp/CheckSymbolExists.c:
/* */
#include <pthread.h>

int main(int argc, char** argv)
{
  (void)argv;
#ifndef pthread_create
  return ((int*)(&pthread_create))[argc];
#else
  (void)argc;
  return 0;
#endif
}

Determining if the function pthread_create exists in the pthreads failed with the following output:
Change Dir: /home/noidea/catkin_ws/build/CMakeFiles/CMakeTmp

Run Build Command:"/usr/bin/make" "cmTC_3dc1f/fast"
/usr/bin/make -f CMakeFiles/cmTC_3dc1f.dir/build.make CMakeFiles/cmTC_3dc1f.dir/build
make[1]: 디렉터리 '/home/noidea/catkin_ws/build/CMakeFiles/CMakeTmp' 들어감
Building C object CMakeFiles/cmTC_3dc1f.dir/CheckFunctionExists.c.o
/usr/bin/cc   -DCHECK_FUNCTION_EXISTS=pthread_create   -o CMakeFiles/cmTC_3dc1f.dir/CheckFunctionExists.c.o   -c /usr/share/cmake-3.10/Modules/CheckFunctionExists.c
Linking C executable cmTC_3dc1f
/usr/bin/cmake -E cmake_link_script CMakeFiles/cmTC_3dc1f.dir/link.txt --verbose=1
/usr/bin/cc  -DCHECK_FUNCTION_EXISTS=pthread_create    -rdynamic CMakeFiles/cmTC_3dc1f.dir/CheckFunctionExists.c.o  -o cmTC_3dc1f -lpthreads 
/usr/bin/ld: cannot find -lpthreads
collect2: error: ld returned 1 exit status
CMakeFiles/cmTC_3dc1f.dir/build.make:97: recipe for target 'cmTC_3dc1f' failed
make[1]: *** [cmTC_3dc1f] Error 1
make[1]: 디렉터리 '/home/noidea/catkin_ws/build/CMakeFiles/CMakeTmp' 나감
Makefile:126: recipe for target 'cmTC_3dc1f/fast' failed
make: *** [cmTC_3dc1f/fast] Error 2


